[2025-08-08T11:23:27.806Z] API server running at http://localhost:3000
[2025-08-08T11:23:39.859Z] GPS updated: 1.2345,N,103.6789,E
[2025-08-08T11:24:04.741Z] Command queued: vibrate
[2025-08-08T11:24:21.146Z] Command sent to device: vibrate
[2025-08-08T11:25:35.153Z] Event received: impact at 1.2345,N,103.6789,E
[2025-08-09T07:13:45.173Z] GPS updated: 1.2345,N,103.6789,E
[2025-08-09T07:21:59.264Z] API server running at http://localhost:3000
[2025-08-09T07:25:07.585Z] API server running at http://localhost:3000
[2025-08-09T07:26:26.028Z] GPS data downloaded
[2025-08-09T07:27:14.526Z] Command uploaded: vibrate
[2025-08-09T07:27:39.572Z] GPS uploaded: [object Object]
[2025-08-09T07:27:46.069Z] Command uploaded: vibrate
[2025-08-09T07:27:50.216Z] Battery percentage uploaded: 85
[2025-08-09T07:27:56.388Z] Geofencing data uploaded: {"radius":100,"center":{"lat":1.3,"lon":103.8}}
[2025-08-09T07:28:05.671Z] GPS data downloaded
[2025-08-09T08:13:12.329Z] API server running at http://localhost:3000
[2025-08-09T14:06:11.074Z] API server running at http://localhost:3000
[2025-08-09T14:07:16.373Z] GPS uploaded: 1.2345,N,103.6789,E
[2025-08-09T14:08:36.022Z] GPS data downloaded
[2025-08-09T14:10:30.981Z] GPS data downloaded
[2025-08-09T14:10:35.388Z] GPS data downloaded
[2025-08-09T14:10:41.348Z] GPS data downloaded
[2025-08-09T14:10:46.346Z] GPS data downloaded
[2025-08-09T14:10:51.341Z] GPS data downloaded
[2025-08-09T14:10:56.354Z] GPS data downloaded
[2025-08-09T14:11:01.344Z] GPS data downloaded
[2025-08-09T14:11:06.337Z] GPS data downloaded
[2025-08-09T14:11:11.349Z] GPS data downloaded
[2025-08-09T14:11:16.342Z] GPS data downloaded
[2025-08-09T14:11:21.346Z] GPS data downloaded
[2025-08-09T14:11:26.349Z] GPS data downloaded
[2025-08-09T14:11:31.341Z] GPS data downloaded
[2025-08-09T14:12:35.801Z] GPS data downloaded
[2025-08-09T14:12:41.339Z] GPS data downloaded
[2025-08-09T14:12:46.343Z] GPS data downloaded
[2025-08-09T14:12:51.375Z] GPS data downloaded
[2025-08-09T14:12:56.350Z] GPS data downloaded
[2025-08-09T14:13:01.339Z] GPS data downloaded
[2025-08-09T14:13:06.191Z] GPS data downloaded
[2025-08-09T14:13:11.341Z] GPS data downloaded
[2025-08-09T14:13:13.736Z] GPS data downloaded
[2025-08-09T14:13:16.363Z] GPS data downloaded
[2025-08-09T14:13:17.119Z] GPS data downloaded
[2025-08-09T14:13:22.341Z] GPS data downloaded
[2025-08-09T14:13:27.342Z] GPS data downloaded
[2025-08-09T14:13:32.340Z] GPS data downloaded
[2025-08-09T14:13:37.350Z] GPS data downloaded
[2025-08-09T14:13:42.091Z] GPS data downloaded
[2025-08-09T14:13:47.122Z] GPS data downloaded
[2025-08-09T14:13:52.101Z] GPS data downloaded
[2025-08-09T14:13:57.108Z] GPS data downloaded
[2025-08-09T14:14:02.108Z] GPS data downloaded
[2025-08-09T14:14:07.357Z] GPS data downloaded
[2025-08-09T14:14:12.349Z] GPS data downloaded
[2025-08-09T14:14:17.346Z] GPS data downloaded
[2025-08-09T14:14:22.353Z] GPS data downloaded
[2025-08-09T14:14:27.346Z] GPS data downloaded
[2025-08-09T14:14:31.347Z] GPS data downloaded
[2025-08-09T14:14:36.356Z] GPS data downloaded
[2025-08-09T14:14:41.350Z] GPS data downloaded
[2025-08-09T14:14:46.354Z] GPS data downloaded
[2025-08-09T14:14:51.349Z] GPS data downloaded
[2025-08-09T14:14:56.358Z] GPS data downloaded
[2025-08-09T14:15:01.352Z] GPS data downloaded
[2025-08-09T14:15:06.358Z] GPS data downloaded
[2025-08-09T14:15:11.348Z] GPS data downloaded
[2025-08-09T14:15:16.357Z] GPS data downloaded
[2025-08-09T14:15:21.348Z] GPS data downloaded
[2025-08-09T14:15:26.356Z] GPS data downloaded
[2025-08-09T14:15:32.349Z] GPS data downloaded
[2025-08-09T14:15:57.012Z] API server running at http://localhost:3000
[2025-08-09T14:15:57.370Z] GPS data downloaded
[2025-08-09T14:15:57.378Z] GPS data downloaded
[2025-08-09T14:15:57.394Z] GPS data downloaded
[2025-08-09T14:15:57.412Z] GPS data downloaded
[2025-08-09T14:15:57.427Z] GPS data downloaded
[2025-08-09T14:16:01.357Z] GPS data downloaded
[2025-08-09T14:16:05.342Z] GPS data downloaded
[2025-08-09T14:16:10.363Z] GPS data downloaded
[2025-08-09T14:16:15.355Z] GPS data downloaded
[2025-08-09T14:16:21.345Z] GPS data downloaded
[2025-08-09T14:16:26.351Z] GPS data downloaded
[2025-08-09T14:16:31.343Z] GPS data downloaded
[2025-08-09T14:16:36.347Z] GPS data downloaded
[2025-08-09T14:16:41.345Z] GPS data downloaded
[2025-08-09T14:16:46.347Z] GPS data downloaded
[2025-08-09T14:16:51.388Z] GPS data downloaded
[2025-08-09T14:16:56.347Z] GPS data downloaded
[2025-08-09T14:17:01.352Z] GPS data downloaded
[2025-08-09T14:17:06.349Z] GPS data downloaded
[2025-08-09T14:17:14.216Z] API server running at http://localhost:3000
[2025-08-09T14:17:14.481Z] GPS data downloaded
[2025-08-09T14:17:15.821Z] GPS data downloaded
[2025-08-09T14:17:18.651Z] GPS data downloaded
[2025-08-09T14:17:24.346Z] GPS data downloaded
[2025-08-09T14:17:29.351Z] GPS data downloaded
[2025-08-09T14:17:34.356Z] GPS data downloaded
[2025-08-09T14:17:39.346Z] GPS data downloaded
[2025-08-09T14:17:47.601Z] API server running at http://localhost:3000
[2025-08-09T14:17:47.662Z] GPS data downloaded
[2025-08-09T14:17:49.168Z] GPS data downloaded
[2025-08-09T14:17:50.919Z] GPS data downloaded
[2025-08-09T14:17:56.351Z] GPS data downloaded
[2025-08-09T14:18:01.359Z] GPS data downloaded
[2025-08-09T14:18:06.342Z] GPS data downloaded
[2025-08-09T14:18:11.341Z] GPS data downloaded
[2025-08-09T14:18:14.019Z] GPS data downloaded
[2025-08-09T14:18:16.359Z] GPS data downloaded
[2025-08-09T14:18:21.346Z] GPS data downloaded
[2025-08-09T14:18:26.346Z] GPS data downloaded
[2025-08-09T14:18:31.357Z] GPS data downloaded
[2025-08-09T14:18:36.353Z] GPS data downloaded
[2025-08-09T14:18:41.345Z] GPS data downloaded
[2025-08-09T14:18:46.357Z] GPS data downloaded
[2025-08-09T14:18:51.351Z] GPS data downloaded
[2025-08-09T14:19:38.431Z] GPS data downloaded
[2025-08-09T14:19:49.431Z] API server running at http://localhost:3000
[2025-08-09T14:19:54.798Z] GPS data downloaded
[2025-08-09T14:22:00.715Z] API server running at http://localhost:3000
[2025-08-09T14:22:12.388Z] GPS data downloaded
[2025-08-09T14:22:17.365Z] GPS data downloaded
[2025-08-09T14:22:20.937Z] GPS data downloaded
[2025-08-09T14:22:25.934Z] GPS data downloaded
[2025-08-09T14:22:30.940Z] GPS data downloaded
[2025-08-09T14:22:36.348Z] GPS data downloaded
[2025-08-09T14:22:41.348Z] GPS data downloaded
[2025-08-09T14:22:46.353Z] GPS data downloaded
[2025-08-09T14:22:51.341Z] GPS data downloaded
[2025-08-09T14:22:56.351Z] GPS data downloaded
[2025-08-09T14:23:01.359Z] GPS data downloaded
[2025-08-09T14:23:06.348Z] GPS data downloaded
[2025-08-09T14:23:11.345Z] GPS data downloaded
[2025-08-09T14:23:16.363Z] GPS data downloaded
[2025-08-09T14:23:18.236Z] GPS data downloaded
[2025-08-09T14:23:18.263Z] Battery percentage data downloaded
[2025-08-09T14:23:23.238Z] GPS data downloaded
[2025-08-09T14:23:23.267Z] Battery percentage data downloaded
[2025-08-09T14:23:28.338Z] GPS data downloaded
[2025-08-09T14:23:28.359Z] Battery percentage data downloaded
[2025-08-09T14:23:33.279Z] GPS data downloaded
[2025-08-09T14:23:33.299Z] Battery percentage data downloaded
[2025-08-09T14:23:38.248Z] GPS data downloaded
[2025-08-09T14:23:38.271Z] Battery percentage data downloaded
[2025-08-09T14:23:43.247Z] GPS data downloaded
[2025-08-09T14:23:43.271Z] Battery percentage data downloaded
[2025-08-09T14:23:48.347Z] GPS data downloaded
[2025-08-09T14:23:48.377Z] Battery percentage data downloaded
[2025-08-09T14:23:53.353Z] GPS data downloaded
[2025-08-09T14:23:53.372Z] Battery percentage data downloaded
[2025-08-09T14:23:58.354Z] GPS data downloaded
[2025-08-09T14:23:58.377Z] Battery percentage data downloaded
[2025-08-09T14:24:03.345Z] GPS data downloaded
[2025-08-09T14:24:03.361Z] Battery percentage data downloaded
[2025-08-09T14:24:08.264Z] GPS data downloaded
[2025-08-09T14:24:08.281Z] Battery percentage data downloaded
[2025-08-09T14:24:13.238Z] GPS data downloaded
[2025-08-09T14:24:13.262Z] Battery percentage data downloaded
[2025-08-09T14:24:18.252Z] GPS data downloaded
[2025-08-09T14:24:18.272Z] Battery percentage data downloaded
[2025-08-09T14:24:23.245Z] GPS data downloaded
[2025-08-09T14:24:23.261Z] Battery percentage data downloaded
[2025-08-09T14:24:28.337Z] GPS data downloaded
[2025-08-09T14:24:28.366Z] Battery percentage data downloaded
[2025-08-09T14:24:33.257Z] GPS data downloaded
[2025-08-09T14:24:33.277Z] Battery percentage data downloaded
[2025-08-09T14:24:38.248Z] GPS data downloaded
[2025-08-09T14:24:38.271Z] Battery percentage data downloaded
[2025-08-09T14:24:43.246Z] GPS data downloaded
[2025-08-09T14:24:43.270Z] Battery percentage data downloaded
[2025-08-09T14:24:48.241Z] GPS data downloaded
[2025-08-09T14:24:48.265Z] Battery percentage data downloaded
[2025-08-09T14:24:53.251Z] GPS data downloaded
[2025-08-09T14:24:53.278Z] Battery percentage data downloaded
[2025-08-09T14:24:58.242Z] GPS data downloaded
[2025-08-09T14:24:58.262Z] Battery percentage data downloaded
[2025-08-09T14:25:03.244Z] GPS data downloaded
[2025-08-09T14:25:03.268Z] Battery percentage data downloaded
[2025-08-09T14:25:08.251Z] GPS data downloaded
[2025-08-09T14:25:08.274Z] Battery percentage data downloaded
[2025-08-09T14:25:11.493Z] GPS uploaded: 1.20522,N,103.50356,E
[2025-08-09T14:25:13.247Z] GPS data downloaded
[2025-08-09T14:25:13.274Z] Battery percentage data downloaded
[2025-08-09T14:25:18.241Z] GPS data downloaded
[2025-08-09T14:25:18.264Z] Battery percentage data downloaded
[2025-08-09T14:25:23.259Z] GPS data downloaded
[2025-08-09T14:25:23.276Z] Battery percentage data downloaded
[2025-08-09T14:25:28.249Z] GPS data downloaded
[2025-08-09T14:25:28.274Z] Battery percentage data downloaded
[2025-08-09T14:25:33.247Z] GPS data downloaded
[2025-08-09T14:25:33.273Z] Battery percentage data downloaded
[2025-08-09T14:25:38.250Z] GPS data downloaded
[2025-08-09T14:25:38.271Z] Battery percentage data downloaded
[2025-08-09T14:25:43.251Z] GPS data downloaded
[2025-08-09T14:25:43.273Z] Battery percentage data downloaded
[2025-08-09T14:25:48.248Z] GPS data downloaded
[2025-08-09T14:25:48.269Z] Battery percentage data downloaded
[2025-08-09T14:25:53.236Z] GPS data downloaded
[2025-08-09T14:25:53.252Z] Battery percentage data downloaded
[2025-08-09T14:25:58.240Z] GPS data downloaded
[2025-08-09T14:25:58.263Z] Battery percentage data downloaded
[2025-08-09T14:26:03.582Z] GPS data downloaded
[2025-08-09T14:26:03.610Z] Battery percentage data downloaded
[2025-08-09T14:26:08.344Z] GPS data downloaded
[2025-08-09T14:26:08.361Z] Battery percentage data downloaded
[2025-08-09T14:26:13.353Z] GPS data downloaded
[2025-08-09T14:26:13.375Z] Battery percentage data downloaded
[2025-08-09T14:26:18.355Z] GPS data downloaded
[2025-08-09T14:26:18.375Z] Battery percentage data downloaded
[2025-08-09T14:26:23.359Z] GPS data downloaded
[2025-08-09T14:26:23.379Z] Battery percentage data downloaded
[2025-08-09T14:26:28.354Z] GPS data downloaded
[2025-08-09T14:26:28.374Z] Battery percentage data downloaded
[2025-08-09T14:26:33.357Z] GPS data downloaded
[2025-08-09T14:26:33.377Z] Battery percentage data downloaded
[2025-08-09T14:26:38.359Z] GPS data downloaded
[2025-08-09T14:26:38.383Z] Battery percentage data downloaded
[2025-08-09T14:26:43.354Z] GPS data downloaded
[2025-08-09T14:26:43.382Z] Battery percentage data downloaded
[2025-08-09T14:26:48.360Z] GPS data downloaded
[2025-08-09T14:26:48.384Z] Battery percentage data downloaded
[2025-08-09T14:26:53.346Z] GPS data downloaded
[2025-08-09T14:26:53.363Z] Battery percentage data downloaded
[2025-08-09T14:26:58.349Z] GPS data downloaded
[2025-08-09T14:26:58.375Z] Battery percentage data downloaded
[2025-08-09T14:27:03.347Z] GPS data downloaded
[2025-08-09T14:27:03.370Z] Battery percentage data downloaded
[2025-08-09T14:27:08.352Z] GPS data downloaded
[2025-08-09T14:27:08.374Z] Battery percentage data downloaded
[2025-08-09T14:27:13.345Z] GPS data downloaded
[2025-08-09T14:27:13.369Z] Battery percentage data downloaded
[2025-08-09T14:27:18.362Z] GPS data downloaded
[2025-08-09T14:27:18.396Z] Battery percentage data downloaded
[2025-08-09T14:27:38.378Z] GPS data downloaded
[2025-08-09T14:27:38.398Z] Battery percentage data downloaded
[2025-08-09T14:28:15.682Z] GPS uploaded: 1.347833,N,103.843222,E
[2025-08-09T14:28:17.858Z] GPS data downloaded
[2025-08-09T14:28:17.892Z] Battery percentage data downloaded
[2025-08-09T14:28:18.242Z] GPS data downloaded
[2025-08-09T14:28:18.280Z] Battery percentage data downloaded
[2025-08-09T14:28:23.254Z] GPS data downloaded
[2025-08-09T14:28:23.282Z] Battery percentage data downloaded
[2025-08-09T14:28:28.244Z] GPS data downloaded
[2025-08-09T14:28:28.268Z] Battery percentage data downloaded
[2025-08-09T14:28:33.247Z] GPS data downloaded
[2025-08-09T14:28:33.278Z] Battery percentage data downloaded
[2025-08-09T14:28:38.252Z] GPS data downloaded
[2025-08-09T14:28:38.284Z] Battery percentage data downloaded
[2025-08-09T14:28:43.248Z] GPS data downloaded
[2025-08-09T14:28:43.333Z] Battery percentage data downloaded
[2025-08-09T14:28:48.247Z] GPS data downloaded
[2025-08-09T14:28:48.273Z] Battery percentage data downloaded
[2025-08-09T14:28:53.256Z] GPS data downloaded
[2025-08-09T14:28:53.291Z] Battery percentage data downloaded
[2025-08-09T14:28:58.242Z] GPS data downloaded
[2025-08-09T14:28:58.269Z] Battery percentage data downloaded
[2025-08-09T14:29:03.242Z] GPS data downloaded
[2025-08-09T14:29:03.297Z] Battery percentage data downloaded
[2025-08-09T14:29:08.247Z] GPS data downloaded
[2025-08-09T14:29:08.269Z] Battery percentage data downloaded
[2025-08-09T14:29:13.253Z] GPS data downloaded
[2025-08-09T14:29:13.285Z] Battery percentage data downloaded
[2025-08-09T14:29:18.263Z] GPS data downloaded
[2025-08-09T14:29:18.285Z] Battery percentage data downloaded
[2025-08-09T14:29:23.261Z] GPS data downloaded
[2025-08-09T14:29:23.289Z] Battery percentage data downloaded
[2025-08-09T14:29:28.248Z] GPS data downloaded
[2025-08-09T14:29:28.271Z] Battery percentage data downloaded
[2025-08-09T14:29:33.250Z] GPS data downloaded
[2025-08-09T14:29:33.278Z] Battery percentage data downloaded
[2025-08-09T14:29:38.258Z] GPS data downloaded
[2025-08-09T14:29:38.285Z] Battery percentage data downloaded
[2025-08-09T14:29:43.249Z] GPS data downloaded
[2025-08-09T14:29:43.272Z] Battery percentage data downloaded
[2025-08-09T14:29:48.246Z] GPS data downloaded
[2025-08-09T14:29:48.282Z] Battery percentage data downloaded
[2025-08-09T14:29:53.251Z] GPS data downloaded
[2025-08-09T14:29:53.275Z] Battery percentage data downloaded
[2025-08-09T14:29:56.113Z] GPS data downloaded
[2025-08-09T14:29:56.151Z] Battery percentage data downloaded
[2025-08-09T14:29:57.334Z] GPS data downloaded
[2025-08-09T14:29:57.371Z] Battery percentage data downloaded
[2025-08-09T14:30:02.333Z] GPS data downloaded
[2025-08-09T14:30:02.351Z] Battery percentage data downloaded
[2025-08-09T14:30:07.358Z] GPS data downloaded
[2025-08-09T14:30:07.384Z] Battery percentage data downloaded
[2025-08-09T14:30:08.703Z] GPS data downloaded
[2025-08-09T14:30:08.738Z] Battery percentage data downloaded
[2025-08-09T14:30:13.711Z] GPS data downloaded
[2025-08-09T14:30:13.730Z] Battery percentage data downloaded
[2025-08-09T14:30:14.126Z] GPS data downloaded
[2025-08-09T14:30:14.158Z] Battery percentage data downloaded
[2025-08-09T14:30:19.139Z] GPS data downloaded
[2025-08-09T14:30:19.174Z] Battery percentage data downloaded
[2025-08-09T14:30:28.986Z] GPS data downloaded
[2025-08-09T14:30:29.079Z] Battery percentage data downloaded
[2025-08-09T14:30:34.348Z] GPS data downloaded
[2025-08-09T14:30:34.371Z] Battery percentage data downloaded
[2025-08-09T14:30:38.176Z] GPS data downloaded
[2025-08-09T14:30:38.211Z] Battery percentage data downloaded
[2025-08-09T14:30:43.346Z] GPS data downloaded
[2025-08-09T14:30:43.367Z] Battery percentage data downloaded
[2025-08-09T14:30:48.343Z] GPS data downloaded
[2025-08-09T14:30:48.369Z] Battery percentage data downloaded
[2025-08-09T14:30:53.350Z] GPS data downloaded
[2025-08-09T14:30:53.369Z] Battery percentage data downloaded
[2025-08-09T14:30:58.350Z] GPS data downloaded
[2025-08-09T14:30:58.375Z] Battery percentage data downloaded
[2025-08-09T14:31:03.352Z] GPS data downloaded
[2025-08-09T14:31:03.374Z] Battery percentage data downloaded
[2025-08-09T14:31:08.352Z] GPS data downloaded
[2025-08-09T14:31:08.372Z] Battery percentage data downloaded
[2025-08-09T14:31:13.354Z] GPS data downloaded
[2025-08-09T14:31:13.378Z] Battery percentage data downloaded
[2025-08-09T14:31:18.339Z] GPS data downloaded
[2025-08-09T14:31:18.360Z] Battery percentage data downloaded
[2025-08-09T14:31:23.347Z] GPS data downloaded
[2025-08-09T14:31:23.364Z] Battery percentage data downloaded
[2025-08-09T14:31:28.344Z] GPS data downloaded
[2025-08-09T14:31:28.363Z] Battery percentage data downloaded
[2025-08-09T14:31:38.410Z] GPS data downloaded
[2025-08-09T14:31:38.440Z] Battery percentage data downloaded
